<?xml version="1.0" encoding="UTF-8"?>
<testng-results ignored="0" total="1" passed="1" failed="0" skipped="0">
  <reporter-output>
  </reporter-output>
  <suite started-at="2024-10-21T15:47:38 IST" name="Default suite" finished-at="2024-10-21T15:48:03 IST" duration-ms="25367">
    <groups>
    </groups>
    <test started-at="2024-10-21T15:47:38 IST" name="Default test" finished-at="2024-10-21T15:48:03 IST" duration-ms="25367">
      <class name="Demo.Demo1">
        <test-method signature="chrome()[pri:0, instance:Demo.Demo1@6892b3b6]" started-at="2024-10-21T15:47:38 IST" name="chrome" finished-at="2024-10-21T15:48:03 IST" duration-ms="25290" status="PASS">
          <reporter-output>
          </reporter-output>
        </test-method> <!-- chrome -->
      </class> <!-- Demo.Demo1 -->
    </test> <!-- Default test -->
  </suite> <!-- Default suite -->
</testng-results>
